[debug] [2024-10-16T06:48:40.322Z] ----------------------------------------------------------------------
[debug] [2024-10-16T06:48:40.325Z] Command:       C:\Program Files\nodejs\node.exe C:\Users\jangr\AppData\Roaming\npm\node_modules\firebase-tools\lib\bin\firebase.js init
[debug] [2024-10-16T06:48:40.325Z] CLI Version:   13.22.0
[debug] [2024-10-16T06:48:40.326Z] Platform:      win32
[debug] [2024-10-16T06:48:40.326Z] Node Version:  v20.17.0
[debug] [2024-10-16T06:48:40.326Z] Time:          Wed Oct 16 2024 12:18:40 GMT+0530 (India Standard Time)
[debug] [2024-10-16T06:48:40.326Z] ----------------------------------------------------------------------
[debug] 
[debug] [2024-10-16T06:48:40.338Z] > command requires scopes: ["email","openid","https://www.googleapis.com/auth/cloudplatformprojects.readonly","https://www.googleapis.com/auth/firebase","https://www.googleapis.com/auth/cloud-platform"]
[debug] [2024-10-16T06:48:40.339Z] > authorizing via signed-in user (jangraraghav9211@gmail.com)
[info] 
     ######## #### ########  ######## ########     ###     ######  ########
     ##        ##  ##     ## ##       ##     ##  ##   ##  ##       ##
     ######    ##  ########  ######   ########  #########  ######  ######
     ##        ##  ##    ##  ##       ##     ## ##     ##       ## ##
     ##       #### ##     ## ######## ########  ##     ##  ######  ########

You're about to initialize a Firebase project in this directory:

  C:\Users\jangr\OneDrive\Desktop\ui-ux-designer

[info] 
=== Project Setup
[info] 
[info] First, let's associate this project directory with a Firebase project.
[info] You can create multiple project aliases by running firebase use --add, 
[info] but for now we'll just set up a default project.
[info] 
[info] i  If you want to create a project in a Google Cloud organization or folder, please use "firebase projects:create" instead, and return to this command when you've created the project. 
[debug] [2024-10-16T06:49:02.874Z] Checked if tokens are valid: true, expires at: 1729064900664
[debug] [2024-10-16T06:49:02.874Z] Checked if tokens are valid: true, expires at: 1729064900664
[debug] [2024-10-16T06:49:02.875Z] >>> [apiv2][query] POST https://cloudresourcemanager.googleapis.com/v1/projects [none]
[debug] [2024-10-16T06:49:02.875Z] >>> [apiv2][body] POST https://cloudresourcemanager.googleapis.com/v1/projects {"projectId":"project-ui-ux-react","name":"project-ui-ux-react"}
[debug] [2024-10-16T06:49:05.717Z] <<< [apiv2][status] POST https://cloudresourcemanager.googleapis.com/v1/projects 200
[debug] [2024-10-16T06:49:05.717Z] <<< [apiv2][body] POST https://cloudresourcemanager.googleapis.com/v1/projects {"name":"operations/cp.4866502620566016645"}
[debug] [2024-10-16T06:49:05.718Z] Checked if tokens are valid: true, expires at: 1729064900664
[debug] [2024-10-16T06:49:05.718Z] Checked if tokens are valid: true, expires at: 1729064900664
[debug] [2024-10-16T06:49:05.718Z] >>> [apiv2][query] GET https://cloudresourcemanager.googleapis.com/v1/operations/cp.4866502620566016645 [none]
[debug] [2024-10-16T06:49:07.387Z] <<< [apiv2][status] GET https://cloudresourcemanager.googleapis.com/v1/operations/cp.4866502620566016645 200
[debug] [2024-10-16T06:49:07.387Z] <<< [apiv2][body] GET https://cloudresourcemanager.googleapis.com/v1/operations/cp.4866502620566016645 {"name":"operations/cp.4866502620566016645","metadata":{"@type":"type.googleapis.com/google.cloudresourcemanager.v1.ProjectCreationStatus","ready":true},"done":true,"error":{"code":8,"message":"The project cannot be created because you have exceeded your allotted project quota.","details":[{"@type":"type.googleapis.com/google.rpc.QuotaFailure","violations":[{"description":"The project cannot be created because you have exceeded your allotted project quota."}]}]}}
[debug] [2024-10-16T06:49:07.581Z] FirebaseError: The project cannot be created because you have exceeded your allotted project quota.
    at OperationPoller.poll (C:\Users\jangr\AppData\Roaming\npm\node_modules\firebase-tools\lib\operation-poller.js:24:19)
    at process.processTicksAndRejections (node:internal/process/task_queues:95:5)
    at async createCloudProject (C:\Users\jangr\AppData\Roaming\npm\node_modules\firebase-tools\lib\management\projects.js:186:29)
    at async createFirebaseProjectAndLog (C:\Users\jangr\AppData\Roaming\npm\node_modules\firebase-tools\lib\management\projects.js:45:9)
    at async promptAndCreateNewProject (C:\Users\jangr\AppData\Roaming\npm\node_modules\firebase-tools\lib\init\features\project.js:32:12)
    at async doSetup (C:\Users\jangr\AppData\Roaming\npm\node_modules\firebase-tools\lib\init\features\project.js:88:27)
    at async init (C:\Users\jangr\AppData\Roaming\npm\node_modules\firebase-tools\lib\init\index.js:41:9)
[error] 
[error] Error: Failed to create project. See firebase-debug.log for more info.
